<?xml version="1.0" encoding="UTF-8"?>
<testsuite xmlns:xsi="http://www.w3.org/2001/XMLSchema-instance" xsi:noNamespaceSchemaLocation="https://maven.apache.org/surefire/maven-surefire-plugin/xsd/surefire-test-report.xsd" name="CucumberRunner" time="15.679" tests="1" errors="0" skipped="0" failures="1">
  <properties>
[...]
</properties>
  <testcase name="runScenario" classname="CucumberRunner" time="15.25">
    <failure message="Element not found {by text: EBMS &gt; A&amp;K Railroad Materials, Inc. - 00716}&#10;Expected: visible or transparent: visible or have css value opacity=0&#10;Page source: file:/Users/prateeksha.kharal/IdeaProjects/SelenideCucumberDemo/build/reports/tests/1615287456414.0.html&#10;Timeout: 4 s.&#10;Caused by: NoSuchWindowException: no such window: target window already closed" type="com.codeborne.selenide.ex.ElementNotFound"><![CDATA[com.codeborne.selenide.ex.ElementNotFound: 
Element not found {by text: EBMS > A&K Railroad Materials, Inc. - 00716}
Expected: visible or transparent: visible or have css value opacity=0
Page source: file:/Users/prateeksha.kharal/IdeaProjects/SelenideCucumberDemo/build/reports/tests/1615287456414.0.html
Timeout: 4 s.
Caused by: NoSuchWindowException: no such window: target window already closed
Caused by: org.openqa.selenium.NoSuchWindowException: 
no such window: target window already closed
from unknown error: web view not found
  (Session info: chrome=88.0.4324.192)
Build info: version: '3.141.59', revision: 'e82be7d358', time: '2018-11-14T08:17:03'
System info: host: 'Prateeksha-Kharal-MBP-2.local', ip: 'fe80:0:0:0:188b:e52a:c37e:b818%en0', os.name: 'Mac OS X', os.arch: 'x86_64', os.version: '10.15.7', java.version: '15.0.1'
Driver info: org.openqa.selenium.chrome.ChromeDriver
Capabilities {acceptInsecureCerts: true, browserName: chrome, browserVersion: 88.0.4324.192, chrome: {chromedriverVersion: 88.0.4324.96 (68dba2d8a0b14..., userDataDir: /var/folders/1t/ylstj0kd351...}, goog:chromeOptions: {debuggerAddress: localhost:56715}, javascriptEnabled: true, networkConnectionEnabled: false, pageLoadStrategy: normal, platform: MAC, platformName: MAC, proxy: Proxy(), setWindowRect: true, strictFileInteractability: false, timeouts: {implicit: 0, pageLoad: 300000, script: 30000}, unhandledPromptBehavior: dismiss and notify, webauthn:extension:largeBlob: true, webauthn:virtualAuthenticators: true}
Session ID: 9381e0c77f7a304449592e9d021ff850
*** Element info: {Using=xpath, value=.//*/text()[normalize-space(translate(string(.), '	
 ', '    ')) = "EBMS > A&K Railroad Materials, Inc. - 00716"]/parent::*}
]]></failure>
    <system-out><![CDATA[16:27:21.633 [TestNG-PoolService-0] DEBUG com.codeborne.selenide.impl.Plugins - Using default implementation of com.codeborne.selenide.impl.Photographer: com.codeborne.selenide.impl.WebdriverPhotographer
16:27:21.639 [TestNG-PoolService-0] DEBUG com.codeborne.selenide.impl.Plugins - Using default implementation of com.codeborne.selenide.impl.PageSourceExtractor: com.codeborne.selenide.impl.WebPageSourceExtractor
16:27:21.643 [TestNG-PoolService-0] DEBUG com.codeborne.selenide.impl.Plugins - Using default implementation of com.codeborne.selenide.impl.PageObjectFactory: com.codeborne.selenide.impl.SelenidePageFactory
16:27:21.646 [TestNG-PoolService-0] DEBUG com.codeborne.selenide.impl.CiReportUrl - Variable selenide.reportsUrl not found
16:27:21.649 [TestNG-PoolService-0] INFO com.codeborne.selenide.impl.WebDriverThreadLocalContainer - No webdriver is bound to current thread: 16 - let's create a new webdriver
16:27:21.891 [TestNG-PoolService-0] INFO com.codeborne.selenide.impl.FileHelper - Creating folder: /Users/prateeksha.kharal/IdeaProjects/SelenideCucumberDemo/build/downloads/1615287441649_51388_16
16:27:21.892 [TestNG-PoolService-0] DEBUG com.codeborne.selenide.webdriver.WebDriverFactory - browser=chrome
16:27:21.892 [TestNG-PoolService-0] DEBUG com.codeborne.selenide.webdriver.WebDriverFactory - browser.version=null
16:27:21.892 [TestNG-PoolService-0] DEBUG com.codeborne.selenide.webdriver.WebDriverFactory - remote=null
16:27:21.892 [TestNG-PoolService-0] DEBUG com.codeborne.selenide.webdriver.WebDriverFactory - browserSize=1366x768
16:27:21.892 [TestNG-PoolService-0] DEBUG com.codeborne.selenide.webdriver.WebDriverFactory - startMaximized=false
16:27:21.892 [TestNG-PoolService-0] DEBUG com.codeborne.selenide.webdriver.WebDriverFactory - downloadsFolder=/Users/prateeksha.kharal/IdeaProjects/SelenideCucumberDemo/build/downloads/1615287441649_51388_16
16:27:22.312 [TestNG-PoolService-0] DEBUG io.github.bonigarcia.wdm.cache.ResolutionCache - Resolution chrome=88 in cache (valid until 17:24:04 09/03/2021 IST)
16:27:22.314 [TestNG-PoolService-0] DEBUG io.github.bonigarcia.wdm.cache.ResolutionCache - Resolution chrome88=88.0.4324.96 in cache (valid until 12:31:44 10/03/2021 IST)
16:27:22.314 [TestNG-PoolService-0] INFO io.github.bonigarcia.wdm.WebDriverManager - Using chromedriver 88.0.4324.96 (resolved driver for Chrome 88)
16:27:22.331 [TestNG-PoolService-0] DEBUG io.github.bonigarcia.wdm.WebDriverManager - Driver chromedriver 88.0.4324.96 found in cache
16:27:22.332 [TestNG-PoolService-0] INFO io.github.bonigarcia.wdm.WebDriverManager - Exporting webdriver.chrome.driver as /Users/prateeksha.kharal/.cache/selenium/chromedriver/mac64/88.0.4324.96/chromedriver
16:27:22.340 [TestNG-PoolService-0] DEBUG com.codeborne.selenide.webdriver.ChromeDriverFactory - Using chrome preferences: {credentials_enable_service=false, plugins.always_open_pdf_externally=true, profile.default_content_setting_values.automatic_downloads=1, download.default_directory=/Users/prateeksha.kharal/IdeaProjects/SelenideCucumberDemo/build/downloads/1615287441649_51388_16}
16:27:22.378 [TestNG-PoolService-0] DEBUG com.codeborne.selenide.webdriver.ChromeDriverFactory - Chrome options: Capabilities {acceptInsecureCerts: true, acceptSslCerts: true, browserName: chrome, goog:chromeOptions: {args: [--proxy-bypass-list=<-loopb..., --disable-dev-shm-usage, --no-sandbox], excludeSwitches: [enable-automation, load-extension], extensions: [], prefs: {credentials_enable_service: false, download.default_directory: /Users/prateeksha.kharal/Id..., plugins.always_open_pdf_externally: true, profile.default_content_setting_values.automatic_downloads: 1}}, handlesAlerts: true, javascriptEnabled: true, pageLoadStrategy: normal, takesScreenshot: true}
16:27:24.144 [TestNG-PoolService-0] INFO com.codeborne.selenide.webdriver.BrowserResizer - Set browser size to 1366x768
16:27:24.300 [TestNG-PoolService-0] INFO com.codeborne.selenide.webdriver.WebDriverFactory - BrowserName=chrome Version=88.0.4324.192 Platform=MAC
16:27:24.300 [TestNG-PoolService-0] INFO com.codeborne.selenide.webdriver.WebDriverFactory - Selenide v. 5.18.0
16:27:24.300 [TestNG-PoolService-0] INFO com.codeborne.selenide.webdriver.WebDriverFactory - Selenium WebDriver v. 3.141.59 build time: 2018-11-14T08:17:03
16:27:24.300 [TestNG-PoolService-0] INFO com.codeborne.selenide.drivercommands.CreateDriverCommand - Create webdriver in current thread 16: ChromeDriver -> ChromeDriver: chrome on MAC (9381e0c77f7a304449592e9d021ff850)
16:27:28.609 [TestNG-PoolService-0] DEBUG com.codeborne.selenide.impl.Plugins - Using default implementation of com.codeborne.selenide.impl.ElementDescriber: com.codeborne.selenide.impl.SelenideElementDescriber
16:27:28.926 [TestNG-PoolService-0] DEBUG com.codeborne.selenide.impl.Plugins - Using default implementation of com.codeborne.selenide.impl.DownloadFileToFolder: com.codeborne.selenide.impl.DownloadFileToFolder
16:27:36.423 [TestNG-PoolService-0] WARN com.codeborne.selenide.impl.WebPageSourceExtractor - Failed to save page source to 1615287456414.0
org.openqa.selenium.NoSuchWindowException: no such window: target window already closed
from unknown error: web view not found
  (Session info: chrome=88.0.4324.192)
Build info: version: '3.141.59', revision: 'e82be7d358', time: '2018-11-14T08:17:03'
System info: host: 'Prateeksha-Kharal-MBP-2.local', ip: 'fe80:0:0:0:188b:e52a:c37e:b818%en0', os.name: 'Mac OS X', os.arch: 'x86_64', os.version: '10.15.7', java.version: '15.0.1'
Driver info: org.openqa.selenium.chrome.ChromeDriver
Capabilities {acceptInsecureCerts: true, browserName: chrome, browserVersion: 88.0.4324.192, chrome: {chromedriverVersion: 88.0.4324.96 (68dba2d8a0b14..., userDataDir: /var/folders/1t/ylstj0kd351...}, goog:chromeOptions: {debuggerAddress: localhost:56715}, javascriptEnabled: true, networkConnectionEnabled: false, pageLoadStrategy: normal, platform: MAC, platformName: MAC, proxy: Proxy(), setWindowRect: true, strictFileInteractability: false, timeouts: {implicit: 0, pageLoad: 300000, script: 30000}, unhandledPromptBehavior: dismiss and notify, webauthn:extension:largeBlob: true, webauthn:virtualAuthenticators: true}
Session ID: 9381e0c77f7a304449592e9d021ff850
	at jdk.internal.reflect.GeneratedConstructorAccessor8.newInstance(Unknown Source)
	at java.base/jdk.internal.reflect.DelegatingConstructorAccessorImpl.newInstance(DelegatingConstructorAccessorImpl.java:45)
	at java.base/java.lang.reflect.Constructor.newInstanceWithCaller(Constructor.java:500)
	at java.base/java.lang.reflect.Constructor.newInstance(Constructor.java:481)
	at org.openqa.selenium.remote.http.W3CHttpResponseCodec.createException(W3CHttpResponseCodec.java:187)
	at org.openqa.selenium.remote.http.W3CHttpResponseCodec.decode(W3CHttpResponseCodec.java:122)
	at org.openqa.selenium.remote.http.W3CHttpResponseCodec.decode(W3CHttpResponseCodec.java:49)
	at org.openqa.selenium.remote.HttpCommandExecutor.execute(HttpCommandExecutor.java:158)
	at org.openqa.selenium.remote.service.DriverCommandExecutor.execute(DriverCommandExecutor.java:83)
	at org.openqa.selenium.remote.RemoteWebDriver.execute(RemoteWebDriver.java:552)
	at org.openqa.selenium.remote.RemoteWebDriver.execute(RemoteWebDriver.java:609)
	at org.openqa.selenium.remote.RemoteWebDriver.getPageSource(RemoteWebDriver.java:438)
	at com.codeborne.selenide.impl.WebPageSourceExtractor.extract(WebPageSourceExtractor.java:37)
	at com.codeborne.selenide.impl.WebPageSourceExtractor.extract(WebPageSourceExtractor.java:31)
	at com.codeborne.selenide.impl.ScreenShotLaboratory.savePageSourceToFile(ScreenShotLaboratory.java:365)
	at com.codeborne.selenide.impl.ScreenShotLaboratory.takeScreenShot(ScreenShotLaboratory.java:153)
	at com.codeborne.selenide.impl.ScreenShotLaboratory.lambda$takeScreenshot$10(ScreenShotLaboratory.java:453)
	at com.codeborne.selenide.impl.ScreenShotLaboratory.ifReportsFolderNotNull(ScreenShotLaboratory.java:541)
	at com.codeborne.selenide.impl.ScreenShotLaboratory.lambda$takeScreenshot$11(ScreenShotLaboratory.java:452)
	at com.codeborne.selenide.impl.ScreenShotLaboratory.ifWebDriverStarted(ScreenShotLaboratory.java:531)
	at com.codeborne.selenide.impl.ScreenShotLaboratory.takeScreenshot(ScreenShotLaboratory.java:451)
	at com.codeborne.selenide.ex.UIAssertionError.wrapThrowable(UIAssertionError.java:76)
	at com.codeborne.selenide.ex.UIAssertionError.wrap(UIAssertionError.java:63)
	at com.codeborne.selenide.impl.SelenideElementProxy.invoke(SelenideElementProxy.java:85)
	at com.sun.proxy.$Proxy16.click(Unknown Source)
	at StepDefination.steps_login.user_clicks_on_MembershipPage(steps_login.java:50)
	at java.base/jdk.internal.reflect.NativeMethodAccessorImpl.invoke0(Native Method)
	at java.base/jdk.internal.reflect.NativeMethodAccessorImpl.invoke(NativeMethodAccessorImpl.java:64)
	at java.base/jdk.internal.reflect.DelegatingMethodAccessorImpl.invoke(DelegatingMethodAccessorImpl.java:43)
	at java.base/java.lang.reflect.Method.invoke(Method.java:564)
	at cucumber.runtime.Utils$1.call(Utils.java:26)
	at cucumber.runtime.Timeout.timeout(Timeout.java:16)
	at cucumber.runtime.Utils.invoke(Utils.java:20)
	at cucumber.runtime.java.JavaStepDefinition.execute(JavaStepDefinition.java:57)
	at cucumber.runner.PickleStepDefinitionMatch.runStep(PickleStepDefinitionMatch.java:50)
	at cucumber.runner.TestStep.executeStep(TestStep.java:65)
	at cucumber.runner.TestStep.run(TestStep.java:50)
	at cucumber.runner.PickleStepTestStep.run(PickleStepTestStep.java:43)
	at cucumber.runner.TestCase.run(TestCase.java:46)
	at cucumber.runner.Runner.runPickle(Runner.java:50)
	at io.cucumber.testng.TestNGCucumberRunner.runScenario(TestNGCucumberRunner.java:69)
	at io.cucumber.testng.AbstractTestNGCucumberTests.runScenario(AbstractTestNGCucumberTests.java:24)
	at java.base/jdk.internal.reflect.NativeMethodAccessorImpl.invoke0(Native Method)
	at java.base/jdk.internal.reflect.NativeMethodAccessorImpl.invoke(NativeMethodAccessorImpl.java:64)
	at java.base/jdk.internal.reflect.DelegatingMethodAccessorImpl.invoke(DelegatingMethodAccessorImpl.java:43)
	at java.base/java.lang.reflect.Method.invoke(Method.java:564)
	at org.testng.internal.MethodInvocationHelper.invokeMethod(MethodInvocationHelper.java:124)
	at org.testng.internal.Invoker.invokeMethod(Invoker.java:580)
	at org.testng.internal.Invoker.invokeTestMethod(Invoker.java:716)
	at org.testng.internal.TestMethodWithDataProviderMethodWorker.call(TestMethodWithDataProviderMethodWorker.java:71)
	at org.testng.internal.TestMethodWithDataProviderMethodWorker.call(TestMethodWithDataProviderMethodWorker.java:14)
	at java.base/java.util.concurrent.FutureTask.run(FutureTask.java:264)
	at java.base/java.util.concurrent.Executors$RunnableAdapter.call(Executors.java:515)
	at java.base/java.util.concurrent.FutureTask.run(FutureTask.java:264)
	at java.base/java.util.concurrent.ThreadPoolExecutor.runWorker(ThreadPoolExecutor.java:1130)
	at java.base/java.util.concurrent.ThreadPoolExecutor$Worker.run(ThreadPoolExecutor.java:630)
	at java.base/java.lang.Thread.run(Thread.java:832)
16:27:36.429 [TestNG-PoolService-0] ERROR com.codeborne.selenide.impl.ScreenShotLaboratory - Failed to take screenshot to 1615287456414.0
org.openqa.selenium.NoSuchWindowException: no such window: target window already closed
from unknown error: web view not found
  (Session info: chrome=88.0.4324.192)
Build info: version: '3.141.59', revision: 'e82be7d358', time: '2018-11-14T08:17:03'
System info: host: 'Prateeksha-Kharal-MBP-2.local', ip: 'fe80:0:0:0:188b:e52a:c37e:b818%en0', os.name: 'Mac OS X', os.arch: 'x86_64', os.version: '10.15.7', java.version: '15.0.1'
Driver info: org.openqa.selenium.chrome.ChromeDriver
Capabilities {acceptInsecureCerts: true, browserName: chrome, browserVersion: 88.0.4324.192, chrome: {chromedriverVersion: 88.0.4324.96 (68dba2d8a0b14..., userDataDir: /var/folders/1t/ylstj0kd351...}, goog:chromeOptions: {debuggerAddress: localhost:56715}, javascriptEnabled: true, networkConnectionEnabled: false, pageLoadStrategy: normal, platform: MAC, platformName: MAC, proxy: Proxy(), setWindowRect: true, strictFileInteractability: false, timeouts: {implicit: 0, pageLoad: 300000, script: 30000}, unhandledPromptBehavior: dismiss and notify, webauthn:extension:largeBlob: true, webauthn:virtualAuthenticators: true}
Session ID: 9381e0c77f7a304449592e9d021ff850
	at jdk.internal.reflect.GeneratedConstructorAccessor8.newInstance(Unknown Source)
	at java.base/jdk.internal.reflect.DelegatingConstructorAccessorImpl.newInstance(DelegatingConstructorAccessorImpl.java:45)
	at java.base/java.lang.reflect.Constructor.newInstanceWithCaller(Constructor.java:500)
	at java.base/java.lang.reflect.Constructor.newInstance(Constructor.java:481)
	at org.openqa.selenium.remote.http.W3CHttpResponseCodec.createException(W3CHttpResponseCodec.java:187)
	at org.openqa.selenium.remote.http.W3CHttpResponseCodec.decode(W3CHttpResponseCodec.java:122)
	at org.openqa.selenium.remote.http.W3CHttpResponseCodec.decode(W3CHttpResponseCodec.java:49)
	at org.openqa.selenium.remote.HttpCommandExecutor.execute(HttpCommandExecutor.java:158)
	at org.openqa.selenium.remote.service.DriverCommandExecutor.execute(DriverCommandExecutor.java:83)
	at org.openqa.selenium.remote.RemoteWebDriver.execute(RemoteWebDriver.java:552)
	at org.openqa.selenium.remote.RemoteWebDriver.execute(RemoteWebDriver.java:609)
	at org.openqa.selenium.remote.RemoteWebDriver.getScreenshotAs(RemoteWebDriver.java:295)
	at com.codeborne.selenide.impl.WebdriverPhotographer.takeScreenshot(WebdriverPhotographer.java:13)
	at com.codeborne.selenide.impl.ScreenShotLaboratory.savePageImageToFile(ScreenShotLaboratory.java:344)
	at com.codeborne.selenide.impl.ScreenShotLaboratory.takeScreenShot(ScreenShotLaboratory.java:154)
	at com.codeborne.selenide.impl.ScreenShotLaboratory.lambda$takeScreenshot$10(ScreenShotLaboratory.java:453)
	at com.codeborne.selenide.impl.ScreenShotLaboratory.ifReportsFolderNotNull(ScreenShotLaboratory.java:541)
	at com.codeborne.selenide.impl.ScreenShotLaboratory.lambda$takeScreenshot$11(ScreenShotLaboratory.java:452)
	at com.codeborne.selenide.impl.ScreenShotLaboratory.ifWebDriverStarted(ScreenShotLaboratory.java:531)
	at com.codeborne.selenide.impl.ScreenShotLaboratory.takeScreenshot(ScreenShotLaboratory.java:451)
	at com.codeborne.selenide.ex.UIAssertionError.wrapThrowable(UIAssertionError.java:76)
	at com.codeborne.selenide.ex.UIAssertionError.wrap(UIAssertionError.java:63)
	at com.codeborne.selenide.impl.SelenideElementProxy.invoke(SelenideElementProxy.java:85)
	at com.sun.proxy.$Proxy16.click(Unknown Source)
	at StepDefination.steps_login.user_clicks_on_MembershipPage(steps_login.java:50)
	at java.base/jdk.internal.reflect.NativeMethodAccessorImpl.invoke0(Native Method)
	at java.base/jdk.internal.reflect.NativeMethodAccessorImpl.invoke(NativeMethodAccessorImpl.java:64)
	at java.base/jdk.internal.reflect.DelegatingMethodAccessorImpl.invoke(DelegatingMethodAccessorImpl.java:43)
	at java.base/java.lang.reflect.Method.invoke(Method.java:564)
	at cucumber.runtime.Utils$1.call(Utils.java:26)
	at cucumber.runtime.Timeout.timeout(Timeout.java:16)
	at cucumber.runtime.Utils.invoke(Utils.java:20)
	at cucumber.runtime.java.JavaStepDefinition.execute(JavaStepDefinition.java:57)
	at cucumber.runner.PickleStepDefinitionMatch.runStep(PickleStepDefinitionMatch.java:50)
	at cucumber.runner.TestStep.executeStep(TestStep.java:65)
	at cucumber.runner.TestStep.run(TestStep.java:50)
	at cucumber.runner.PickleStepTestStep.run(PickleStepTestStep.java:43)
	at cucumber.runner.TestCase.run(TestCase.java:46)
	at cucumber.runner.Runner.runPickle(Runner.java:50)
	at io.cucumber.testng.TestNGCucumberRunner.runScenario(TestNGCucumberRunner.java:69)
	at io.cucumber.testng.AbstractTestNGCucumberTests.runScenario(AbstractTestNGCucumberTests.java:24)
	at java.base/jdk.internal.reflect.NativeMethodAccessorImpl.invoke0(Native Method)
	at java.base/jdk.internal.reflect.NativeMethodAccessorImpl.invoke(NativeMethodAccessorImpl.java:64)
	at java.base/jdk.internal.reflect.DelegatingMethodAccessorImpl.invoke(DelegatingMethodAccessorImpl.java:43)
	at java.base/java.lang.reflect.Method.invoke(Method.java:564)
	at org.testng.internal.MethodInvocationHelper.invokeMethod(MethodInvocationHelper.java:124)
	at org.testng.internal.Invoker.invokeMethod(Invoker.java:580)
	at org.testng.internal.Invoker.invokeTestMethod(Invoker.java:716)
	at org.testng.internal.TestMethodWithDataProviderMethodWorker.call(TestMethodWithDataProviderMethodWorker.java:71)
	at org.testng.internal.TestMethodWithDataProviderMethodWorker.call(TestMethodWithDataProviderMethodWorker.java:14)
	at java.base/java.util.concurrent.FutureTask.run(FutureTask.java:264)
	at java.base/java.util.concurrent.Executors$RunnableAdapter.call(Executors.java:515)
	at java.base/java.util.concurrent.FutureTask.run(FutureTask.java:264)
	at java.base/java.util.concurrent.ThreadPoolExecutor.runWorker(ThreadPoolExecutor.java:1130)
	at java.base/java.util.concurrent.ThreadPoolExecutor$Worker.run(ThreadPoolExecutor.java:630)
	at java.base/java.lang.Thread.run(Thread.java:832)
16:27:36.435 [TestNG-PoolService-0] INFO com.codeborne.selenide.drivercommands.CloseDriverCommand - Close webdriver: 16 -> ChromeDriver: chrome on MAC (9381e0c77f7a304449592e9d021ff850)...
16:27:36.550 [TestNG-PoolService-0] INFO com.codeborne.selenide.drivercommands.CloseDriverCommand - Closed webdriver 16 in 115 ms
]]></system-out>
    <system-err><![CDATA[Mar 09, 2021 4:27:21 PM cucumber.runtime.java.ObjectFactoryLoader loadSingleObjectFactory
INFO: Loading ObjectFactory via service loader: io.cucumber.picocontainer.PicoFactory
Starting ChromeDriver 88.0.4324.96 (68dba2d8a0b149a1d3afac56fa74648032bcf46b-refs/branch-heads/4324@{#1784}) on port 18359
Only local connections are allowed.
Please see https://chromedriver.chromium.org/security-considerations for suggestions on keeping ChromeDriver safe.
[1615287442.550][WARNING]: FromSockAddr failed on netmask
ChromeDriver was started successfully.
Mar 09, 2021 4:27:24 PM org.openqa.selenium.remote.ProtocolHandshake createSession
INFO: Detected dialect: W3C
[1615287452.184][SEVERE]: Unable to receive message from renderer
]]></system-err>
  </testcase>
</testsuite>