<?xml version="1.0" encoding="UTF-8"?>
<testsuite xmlns:xsi="http://www.w3.org/2001/XMLSchema-instance" xsi:noNamespaceSchemaLocation="https://maven.apache.org/surefire/maven-surefire-plugin/xsd/surefire-test-report.xsd" name="CucumberRunner" time="36.703" tests="4" errors="0" skipped="0" failures="0">
  <properties>
[...]
</properties>
  <testcase name="runScenario" classname="CucumberRunner" time="22.074"/>
  <testcase name="runScenario" classname="CucumberRunner" time="0.283"/>
  <testcase name="runScenario" classname="CucumberRunner" time="0.416"/>
  <testcase name="runScenario" classname="CucumberRunner" time="14.07"/>
</testsuite>