<?xml version="1.0" encoding="UTF-8"?>
<testsuite xmlns:xsi="http://www.w3.org/2001/XMLSchema-instance" xsi:noNamespaceSchemaLocation="https://maven.apache.org/surefire/maven-surefire-plugin/xsd/surefire-test-report.xsd" name="CucumberRunner" time="13.515" tests="2" errors="0" skipped="0" failures="2">
  <properties>
[...]
</properties>
  <testcase name="runScenario" classname="CucumberRunner" time="12.766">
    <failure message="Either the specified parameters do not match any of the following constructors: [private StepDefination.admin.AdminDashboardStepDef()]; OR the constructors were not accessible for &apos;StepDefination.admin.AdminDashboardStepDef&apos;" type="org.picocontainer.PicoCompositionException">org.picocontainer.PicoCompositionException: Either the specified parameters do not match any of the following constructors: [private StepDefination.admin.AdminDashboardStepDef()]; OR the constructors were not accessible for 'StepDefination.admin.AdminDashboardStepDef'
</failure>
    <system-out><![CDATA[properties.load(Context.class.getClassLoader()app
14:18:20.281 [TestNG-PoolService-0] DEBUG com.codeborne.selenide.impl.Plugins - Using default implementation of com.codeborne.selenide.impl.ElementDescriber: com.codeborne.selenide.impl.SelenideElementDescriber
14:18:20.302 [TestNG-PoolService-0] DEBUG com.codeborne.selenide.impl.Plugins - Using default implementation of com.codeborne.selenide.impl.Photographer: com.codeborne.selenide.impl.WebdriverPhotographer
14:18:20.305 [TestNG-PoolService-0] DEBUG com.codeborne.selenide.impl.Plugins - Using default implementation of com.codeborne.selenide.impl.PageSourceExtractor: com.codeborne.selenide.impl.WebPageSourceExtractor
14:18:20.311 [TestNG-PoolService-0] DEBUG com.codeborne.selenide.impl.Plugins - Using default implementation of com.codeborne.selenide.impl.PageObjectFactory: com.codeborne.selenide.impl.SelenidePageFactory
14:18:20.319 [TestNG-PoolService-0] DEBUG com.codeborne.selenide.impl.CiReportUrl - Variable selenide.reportsUrl not found
14:18:20.322 [TestNG-PoolService-0] INFO com.codeborne.selenide.impl.WebDriverThreadLocalContainer - No webdriver is bound to current thread: 16 - let's create a new webdriver
14:18:20.515 [TestNG-PoolService-0] INFO com.codeborne.selenide.impl.FileHelper - Creating folder: /Users/prateeksha.kharal/IdeaProjects/SelenideCucumberDemo/build/downloads/1616662100322_11406_16
14:18:20.516 [TestNG-PoolService-0] DEBUG com.codeborne.selenide.webdriver.WebDriverFactory - browser=chrome
14:18:20.516 [TestNG-PoolService-0] DEBUG com.codeborne.selenide.webdriver.WebDriverFactory - browser.version=null
14:18:20.517 [TestNG-PoolService-0] DEBUG com.codeborne.selenide.webdriver.WebDriverFactory - remote=null
14:18:20.518 [TestNG-PoolService-0] DEBUG com.codeborne.selenide.webdriver.WebDriverFactory - browserSize=1366x768
14:18:20.518 [TestNG-PoolService-0] DEBUG com.codeborne.selenide.webdriver.WebDriverFactory - startMaximized=false
14:18:20.518 [TestNG-PoolService-0] DEBUG com.codeborne.selenide.webdriver.WebDriverFactory - downloadsFolder=/Users/prateeksha.kharal/IdeaProjects/SelenideCucumberDemo/build/downloads/1616662100322_11406_16
14:18:21.101 [TestNG-PoolService-0] DEBUG io.github.bonigarcia.wdm.cache.ResolutionCache - Removing resolution chrome=89 from cache (expired on Thu Mar 25 13:51:41 IST 2021)
14:18:21.105 [TestNG-PoolService-0] DEBUG io.github.bonigarcia.wdm.versions.Shell - Running command on the shell: [/Applications/Google Chrome.app/Contents/MacOS/Google Chrome, --version]
14:18:21.441 [TestNG-PoolService-0] DEBUG io.github.bonigarcia.wdm.versions.Shell - Result: Google Chrome 89.0.4389.90
14:18:21.443 [TestNG-PoolService-0] DEBUG io.github.bonigarcia.wdm.cache.ResolutionCache - Resolution chrome89=89.0.4389.23 in cache (valid until 12:51:41 26/03/2021 IST)
14:18:21.444 [TestNG-PoolService-0] INFO io.github.bonigarcia.wdm.WebDriverManager - Using chromedriver 89.0.4389.23 (resolved driver for Chrome 89)
14:18:21.447 [TestNG-PoolService-0] DEBUG io.github.bonigarcia.wdm.cache.ResolutionCache - Storing resolution chrome=89 in cache (valid until 15:18:21 25/03/2021 IST)
14:18:21.465 [TestNG-PoolService-0] DEBUG io.github.bonigarcia.wdm.WebDriverManager - Driver chromedriver 89.0.4389.23 found in cache
14:18:21.466 [TestNG-PoolService-0] INFO io.github.bonigarcia.wdm.WebDriverManager - Exporting webdriver.chrome.driver as /Users/prateeksha.kharal/.cache/selenium/chromedriver/mac64/89.0.4389.23/chromedriver
14:18:21.473 [TestNG-PoolService-0] DEBUG com.codeborne.selenide.webdriver.ChromeDriverFactory - Using chrome preferences: {credentials_enable_service=false, plugins.always_open_pdf_externally=true, profile.default_content_setting_values.automatic_downloads=1, download.default_directory=/Users/prateeksha.kharal/IdeaProjects/SelenideCucumberDemo/build/downloads/1616662100322_11406_16}
14:18:21.519 [TestNG-PoolService-0] DEBUG com.codeborne.selenide.webdriver.ChromeDriverFactory - Chrome options: Capabilities {acceptInsecureCerts: true, acceptSslCerts: true, browserName: chrome, goog:chromeOptions: {args: [--proxy-bypass-list=<-loopb..., --disable-dev-shm-usage, --no-sandbox], excludeSwitches: [enable-automation, load-extension], extensions: [], prefs: {credentials_enable_service: false, download.default_directory: /Users/prateeksha.kharal/Id..., plugins.always_open_pdf_externally: true, profile.default_content_setting_values.automatic_downloads: 1}}, handlesAlerts: true, javascriptEnabled: true, pageLoadStrategy: normal, takesScreenshot: true}
14:18:23.659 [TestNG-PoolService-0] INFO com.codeborne.selenide.webdriver.BrowserResizer - Set browser size to 1366x768
14:18:23.795 [TestNG-PoolService-0] INFO com.codeborne.selenide.webdriver.WebDriverFactory - BrowserName=chrome Version=89.0.4389.90 Platform=MAC
14:18:23.796 [TestNG-PoolService-0] INFO com.codeborne.selenide.webdriver.WebDriverFactory - Selenide v. 5.18.0
14:18:23.798 [TestNG-PoolService-0] INFO com.codeborne.selenide.webdriver.WebDriverFactory - Selenium WebDriver v. 3.141.59 build time: 2018-11-14T08:17:03
14:18:23.798 [TestNG-PoolService-0] INFO com.codeborne.selenide.drivercommands.CreateDriverCommand - Create webdriver in current thread 16: ChromeDriver -> ChromeDriver: chrome on MAC (f5f00c424257aa4604e374dca1d52b32)
14:18:28.899 [TestNG-PoolService-0] DEBUG com.codeborne.selenide.impl.Plugins - Using default implementation of com.codeborne.selenide.impl.DownloadFileToFolder: com.codeborne.selenide.impl.DownloadFileToFolder
]]></system-out>
    <system-err><![CDATA[Mar 25, 2021 2:18:20 PM cucumber.runtime.java.ObjectFactoryLoader loadSingleObjectFactory
INFO: Loading ObjectFactory via service loader: io.cucumber.picocontainer.PicoFactory
Starting ChromeDriver 89.0.4389.23 (61b08ee2c50024bab004e48d2b1b083cdbdac579-refs/branch-heads/4389@{#294}) on port 2273
Only local connections are allowed.
Please see https://chromedriver.chromium.org/security-considerations for suggestions on keeping ChromeDriver safe.
[1616662101.707][WARNING]: FromSockAddr failed on netmask
ChromeDriver was started successfully.
Mar 25, 2021 2:18:23 PM org.openqa.selenium.remote.ProtocolHandshake createSession
INFO: Detected dialect: W3C
]]></system-err>
  </testcase>
  <testcase name="runScenario" classname="CucumberRunner" time="0.017">
    <failure message="expecting:&lt;&apos;https://mibenefits-qua.ebms.com/administrator/dashboard&apos;&gt; to contain:&lt;&apos;https://mibenefits-qua.ebms.com/administrator/membership&apos;&gt; (ignoring case)" type="java.lang.AssertionError"><![CDATA[java.lang.AssertionError: expecting:<'https://mibenefits-qua.ebms.com/administrator/dashboard'> to contain:<'https://mibenefits-qua.ebms.com/administrator/membership'> (ignoring case)
]]></failure>
    <system-out><![CDATA[properties.load(Context.class.getClassLoader()app
------inside constructor membershipPage--------
------inside get() base page--------
------inside try() base page--------
------inside is loaded membershipPage--------
------inside finally() base page--------
------inside is loaded membershipPage--------
]]></system-out>
  </testcase>
</testsuite>